<?xml version="1.0" encoding="UTF-8"?>
<!-- Generated by org.testng.reporters.JUnitReportReporter -->
<testsuite hostname="Divyanshu" failures="0" tests="9" name="EcommerceWebsite.Automation.EcommerceTest" time="20.625" errors="0" timestamp="2024-01-11T20:40:46 IST" skipped="0">
  <testcase classname="EcommerceWebsite.Automation.EcommerceTest" name="scrollToEnd" time="0.231"/>
  <system-out/>
  <testcase classname="EcommerceWebsite.Automation.EcommerceTest" name="flipkart" time="0.001"/>
  <system-out/>
  <testcase classname="EcommerceWebsite.Automation.EcommerceTest" name="afterMethod" time="2.639"/>
  <system-out/>
  <testcase classname="EcommerceWebsite.Automation.EcommerceTest" name="checkImageVisibilityTest" time="3.238"/>
  <system-out/>
  <testcase classname="EcommerceWebsite.Automation.EcommerceTest" name="verifyImageDownloadAndDisplayTimingTest" time="2.115"/>
  <system-out/>
  <testcase classname="EcommerceWebsite.Automation.EcommerceTest" name="verifyScrollToBottomTest" time="2.132"/>
  <system-out/>
  <testcase classname="EcommerceWebsite.Automation.EcommerceTest" name="measurePageLoadTimeTest" time="0.006"/>
  <system-out/>
  <testcase classname="EcommerceWebsite.Automation.EcommerceTest" name="checkContentRefreshFrequencyTest" time="10.199"/>
  <system-out/>
  <testcase classname="EcommerceWebsite.Automation.EcommerceTest" name="scrollFeature" time="0.064"/>
  <system-out/>
</testsuite> <!-- EcommerceWebsite.Automation.EcommerceTest -->
